"../../../../../../Users/User/Documents/Exodia_File/LostKnight/Content/LOSTKNIGHT/Assets/Art_Test.uasset" 0
"../../../../../../Users/User/Documents/Exodia_File/LostKnight/Content/LOSTKNIGHT/Blueprint/Actor/AA_Test.uasset" 1
"../../../../../../Users/User/Documents/Exodia_File/LostKnight/Content/LOSTKNIGHT/Blueprint/Core/GM_Test.uasset" 2
"../../../../../../Users/User/Documents/Exodia_File/LostKnight/Content/LOSTKNIGHT/Blueprint/Core/PC_Test.uasset" 3
"../../../../../../Users/User/Documents/Exodia_File/LostKnight/Content/LOSTKNIGHT/Widget/WB_Test.uasset" 4
"../../../Engine/Content/Functions/Engine_MaterialFunctions01/Opacity/CameraDepthFade.uasset" 5
"../../../Engine/Content/EngineMaterials/T_Default_Material_Grid_M.uasset" 6
"../../../Engine/Content/EngineMaterials/T_Default_Material_Grid_N.uasset" 7
"../../../Engine/Content/EngineMaterials/WorldGridMaterial.uasset" 8
"../../../Engine/Content/ArtTools/RenderToTexture/Meshes/S_1_Unit_Plane.uasset" 9
"../../../Engine/Content/EngineMaterials/DefaultMaterial.uasset" 10
"../../../Engine/Content/BasicShapes/Cone.uasset" 11
"../../../Engine/Content/BasicShapes/Cylinder.uasset" 12
"../../../Engine/Content/BasicShapes/Plane.uasset" 13
"../../../Engine/Content/EditorLandscapeResources/DataLayer.uasset" 14
"../../../Engine/Content/EditorMaterials/GizmoMaterial.uasset" 15
"../../../Engine/Content/EditorMaterials/MAT_Groups_Toggle.uasset" 16
"../../../Engine/Content/EditorMaterials/MAT_Groups_Visibility.uasset" 17
"../../../Engine/Content/EditorMaterials/PreviewShadowIndicator.uasset" 18
"../../../Engine/Content/EditorMaterials/PreviewShadowIndicatorMaterial.uasset" 19
"../../../Engine/Content/EditorMaterials/MatineeGroups/MAT_ColorTrack.uasset" 20
"../../../Engine/Content/EditorMaterials/MatineeGroups/MAT_Groups_Anim.uasset" 21
"../../../Engine/Content/EditorMaterials/MatineeGroups/MAT_Groups_AudioMaster.uasset" 22
"../../../Engine/Content/EditorMaterials/MatineeGroups/MAT_Groups_Director.uasset" 23
"../../../Engine/Content/EditorMaterials/MatineeGroups/MAT_Groups_Event.uasset" 24
"../../../Engine/Content/EditorMaterials/MatineeGroups/MAT_Groups_Fade.uasset" 25
"../../../Engine/Content/EditorMaterials/MatineeGroups/MAT_Groups_Float.uasset" 26
"../../../Engine/Content/EditorMaterials/MatineeGroups/MAT_Groups_Move.uasset" 27
"../../../Engine/Content/EditorMaterials/MatineeGroups/MAT_Groups_Slomo.uasset" 28
"../../../Engine/Content/EditorMaterials/MatineeGroups/MAT_Groups_Sound.uasset" 29
"../../../Engine/Content/EditorMaterials/MatineeGroups/MAT_Groups_Vector.uasset" 30
"../../../Engine/Content/EditorMaterials/ParticleSystems/PSysThumbnail_NoImage.uasset" 31
"../../../Engine/Content/EditorMaterials/ParticleSystems/PSysThumbnail_OOD.uasset" 32
"../../../Engine/Content/EditorMaterials/Camera/CineMat.uasset" 33
"../../../Engine/Content/EditorMaterials/Camera/MI_CineMat_Rig.uasset" 34
"../../../Engine/Content/EditorMeshes/Camera/SM_CraneRig_Arm.uasset" 35
"../../../Engine/Content/EditorMeshes/Camera/SM_CraneRig_Base.uasset" 36
"../../../Engine/Content/EditorMeshes/Camera/SM_CraneRig_Body.uasset" 37
"../../../Engine/Content/EditorMeshes/Camera/SM_CraneRig_Mount.uasset" 38
"../../../Engine/Content/EditorMeshes/Camera/SM_RailRig_Mount.uasset" 39
"../../../Engine/Content/EditorMeshes/Camera/SM_RailRig_Track.uasset" 40
"../../../Engine/Content/EditorResources/BSPVertex.uasset" 41
"../../../Engine/Content/EditorResources/EmptyActor.uasset" 42
"../../../Engine/Content/EditorResources/S_Actor.uasset" 43
"../../../Engine/Content/EditorResources/S_Trigger.uasset" 44
"../../../Engine/Content/EditorResources/LightIcons/S_LightError.uasset" 45
"../../../Engine/Content/EditorResources/SequenceRecorder/Countdown.uasset" 46
"../../../Engine/Content/EditorResources/SequenceRecorder/RecordingIndicator.uasset" 47
"../../../Engine/Content/EditorSounds/Notifications/CompileFailed.uasset" 48
"../../../Engine/Content/EditorSounds/Notifications/CompileFailed_Cue.uasset" 49
"../../../Engine/Content/EditorSounds/Notifications/CompileSuccess.uasset" 50
"../../../Engine/Content/EditorSounds/Notifications/CompileStart_Cue.uasset" 51
"../../../Engine/Content/EditorSounds/Notifications/CompileSuccess_Cue.uasset" 52
"../../../Engine/Content/EngineDamageTypes/DmgTypeBP_Environmental.uasset" 53
"../../../Engine/Content/EngineDebugMaterials/HeatmapGradient.uasset" 54
"../../../Engine/Content/EngineDebugMaterials/BoneWeightMaterial.uasset" 55
"../../../Engine/Content/EngineDebugMaterials/ClothMaterial.uasset" 56
"../../../Engine/Content/EngineDebugMaterials/ClothMaterial_WF.uasset" 57
"../../../Engine/Content/EngineDebugMaterials/DebugEditorMaterial.uasset" 58
"../../../Engine/Content/EngineDebugMaterials/DebugMeshMaterial.uasset" 59
"../../../Engine/Content/EngineDebugMaterials/GeomMaterial.uasset" 60
"../../../Engine/Content/EngineDebugMaterials/M_SimpleTranslucent.uasset" 61
"../../../Engine/Content/EngineFonts/Faces/RobotoBold.uasset" 62
"../../../Engine/Content/EngineFonts/Faces/RobotoBoldItalic.uasset" 63
"../../../Engine/Content/EngineFonts/Faces/RobotoItalic.uasset" 64
"../../../Engine/Content/EngineFonts/Faces/RobotoLight.uasset" 65
"../../../Engine/Content/EngineFonts/Faces/RobotoRegular.uasset" 66
"../../../Engine/Content/EngineFonts/Roboto.uasset" 67
"../../../Engine/Content/EngineFonts/Faces/RobotoTiny.uasset" 68
"../../../Engine/Content/EngineFonts/RobotoTiny.uasset" 69
"../../../Engine/Content/EngineMaterials/BaseFlattenDiffuseMap.uasset" 70
"../../../Engine/Content/EngineMaterials/BaseFlattenEmissiveMap.uasset" 71
"../../../Engine/Content/EngineMaterials/BaseFlattenGrayscaleMap.uasset" 72
"../../../Engine/Content/EngineMaterials/BaseFlattenNormalMap.uasset" 73
"../../../Engine/Content/EngineMaterials/BaseFlattenMaterial.uasset" 74
"../../../Engine/Content/EngineMaterials/DefaultBloomKernel.uasset" 75
"../../../Engine/Content/EngineMaterials/DefaultBokeh.uasset" 76
"../../../Engine/Content/EngineMaterials/DefaultDiffuse.uasset" 77
"../../../Engine/Content/EngineMaterials/DefaultDeferredDecalMaterial.uasset" 78
"../../../Engine/Content/EngineMaterials/DefaultLightFunctionMaterial.uasset" 79
"../../../Engine/Content/EngineMaterials/DefaultPhysicalMaterial.uasset" 80
"../../../Engine/Content/Functions/Engine_MaterialFunctions02/Utility/BreakOutFloat2Components.uasset" 81
"../../../Engine/Content/EngineMaterials/DefaultPostProcessMaterial.uasset" 82
"../../../Engine/Content/EngineFonts/RobotoDistanceField.uasset" 83
"../../../Engine/Content/EngineMaterials/DefaultTextMaterialOpaque.uasset" 84
"../../../Engine/Content/EngineMaterials/DefaultWhiteGrid.uasset" 85
"../../../Engine/Content/EngineMaterials/EditorBrushMaterial.uasset" 86
"../../../Engine/Content/EngineMaterials/Good64x64TilingNoiseHighFreq.uasset" 87
"../../../Engine/Content/EngineMaterials/MiniFont.uasset" 88
"../../../Engine/Content/EngineMaterials/InvalidLightmapSettings.uasset" 89
"../../../Engine/Content/EngineMaterials/M_InvalidLightmapSettings.uasset" 90
"../../../Engine/Content/Functions/Engine_MaterialFunctions02/WorldPositionOffset/CameraOffset.uasset" 91
"../../../Engine/Content/EngineMaterials/PhAT_JointLimitMaterial.uasset" 92
"../../../Engine/Content/EngineMaterials/PreintegratedSkinBRDF.uasset" 93
"../../../Engine/Content/EngineMaterials/RemoveSurfaceMaterial.uasset" 94
"../../../Engine/Content/EngineMaterials/WeightMapPlaceholderTexture.uasset" 95
"../../../Engine/Content/EngineResources/WhiteSquareTexture.uasset" 96
"../../../Engine/Content/EngineMaterials/Widget3DPassThrough.uasset" 97
"../../../Engine/Content/EngineMaterials/Widget3DPassThrough_Masked.uasset" 98
"../../../Engine/Content/EngineMaterials/Widget3DPassThrough_Opaque.uasset" 99
"../../../Engine/Content/EngineMaterials/Widget3DPassThrough_Masked_OneSided.uasset" 100
"../../../Engine/Content/EngineMaterials/Widget3DPassThrough_Opaque_OneSided.uasset" 101
"../../../Engine/Content/EngineMaterials/Widget3DPassThrough_Translucent.uasset" 102
"../../../Engine/Content/EngineMaterials/Widget3DPassThrough_Translucent_OneSided.uasset" 103
"../../../Engine/Content/EngineMeshes/Cylinder.uasset" 104
"../../../Engine/Content/EngineMeshes/Sphere.uasset" 105
"../../../Engine/Content/EngineResources/Black.uasset" 106
"../../../Engine/Content/EngineResources/DefaultTexture.uasset" 107
"../../../Engine/Content/EngineResources/DefaultTextureCube.uasset" 108
"../../../Engine/Content/EngineResources/DefaultVolumeTexture2D.uasset" 109
"../../../Engine/Content/EngineResources/DefaultVolumeTexture.uasset" 110
"../../../Engine/Content/EngineResources/GradientTexture0.uasset" 111
"../../../Engine/Content/EngineSounds/Master.uasset" 112
"../../../Engine/Content/Functions/Engine_MaterialFunctions01/Shading/ConvertFromDiffSpec.uasset" 113
"../../../Engine/Content/Functions/Engine_MaterialFunctions01/Shading/PowerToRoughness.uasset" 114
"../../../Engine/Content/Maps/Templates/Thumbnails/Default.uasset" 115
"../../../Engine/Content/Maps/Templates/Thumbnails/VR-Basic.uasset" 116
"../../../Engine/Content/MobileResources/T_MobileControls_texture.uasset" 117
"../../../Engine/Content/MobileResources/T_MobileMenu2.uasset" 118
"../../../Engine/Content/MobileResources/HUD/AnalogHat.uasset" 119
"../../../Engine/Content/MobileResources/HUD/VirtualJoystick_Background.uasset" 120
"../../../Engine/Content/MobileResources/HUD/VirtualJoystick_Thumb.uasset" 121
"../../../Engine/Content/MobileResources/HUD/DefaultVirtualJoysticks.uasset" 122
"../../../Engine/Content/MobileResources/HUD/LeftVirtualJoystickOnly.uasset" 123
"../../../Engine/Content/MobileResources/HUD/MobileHUDButton1_off.uasset" 124
"../../../Engine/Content/MobileResources/HUD/MobileHUDButton1_on.uasset" 125
"../../../Engine/Content/MobileResources/HUD/MobileHUDButton2_off.uasset" 126
"../../../Engine/Content/MobileResources/HUD/MobileHUDButton2_on.uasset" 127
"../../../Engine/Content/MobileResources/HUD/MobileHUDButton3.uasset" 128
"../../../Engine/Content/MobileResources/HUD/MobileHUDButtonFire.uasset" 129
"../../../Engine/Content/MobileResources/HUD/MobileHUDDirectionPad.uasset" 130
"../../../Engine/Content/MobileResources/HUD/MobileHUDDirectionPad2.uasset" 131
"../../../Engine/Content/MobileResources/HUD/MobileHUDDirectionPad3.uasset" 132
"../../../Engine/Content/MobileResources/HUD/MobileHUDDirectionStick.uasset" 133
"../../../Engine/Content/MobileResources/HUD/T_Castle_ThumbstickInner.uasset" 134
"../../../Engine/Content/MobileResources/HUD/T_Castle_ThumbstickOutter.uasset" 135
"../../../Engine/Content/Tutorial/ContentIntroCurve.uasset" 136
"../../../Engine/Content/VREditor/LaserPointer/VR_LaserPower_01.uasset" 137
"../../../Engine/Content/VREditor/TransformGizmo/TransformGizmoMaterial.uasset" 138
"../../../Engine/Content/VREditor/TransformGizmo/TranslucentTransformGizmoMaterial.uasset" 139
"../../../Engine/Content/VREditor/TransformGizmo/BoundingBoxCorner.uasset" 140
"../../../Engine/Content/VREditor/TransformGizmo/BoundingBoxEdge.uasset" 141
"../../../Engine/Content/VREditor/TransformGizmo/PlaneTranslationHandle.uasset" 142
"../../../Engine/Content/VREditor/TransformGizmo/Main.uasset" 143
"../../../Engine/Content/VREditor/TransformGizmo/Xray.uasset" 144
"../../../Engine/Content/VREditor/TransformGizmo/SM_Sequencer_Key.uasset" 145
"../../../Engine/Content/VREditor/TransformGizmo/SM_Sequencer_Node.uasset" 146
"../../Plugins/2D/Paper2D/Content/PlaceholderTextures/DummySpriteTexture.uasset" 147
"../../Plugins/2D/Paper2D/Content/DummySprite.uasset" 148
"../../Plugins/2D/Paper2D/Content/DefaultPaperTerrainMaterial.uasset" 149
"../../Plugins/2D/Paper2D/Content/DefaultSpriteMaterial.uasset" 150
"../../Plugins/2D/Paper2D/Content/MaskedUnlitSpriteMaterial.uasset" 151
"../../Plugins/2D/Paper2D/Content/OpaqueUnlitSpriteMaterial.uasset" 152
"../../Plugins/Runtime/Oculus/OculusVR/Content/Materials/PokeAHoleMaterial.uasset" 153
"../../Plugins/Runtime/Oculus/OculusVR/Content/Textures/GearVRController_AO.uasset" 154
"../../Plugins/Runtime/Oculus/OculusVR/Content/Textures/GearVRController_Color.uasset" 155
"../../Plugins/Runtime/Oculus/OculusVR/Content/Textures/GearVRController_Normal.uasset" 156
"../../Plugins/Runtime/Oculus/OculusVR/Content/Materials/GearVRControllerMaterial.uasset" 157
"../../Plugins/Runtime/Oculus/OculusVR/Content/Meshes/GearVrController.uasset" 158
"../../Plugins/Runtime/Oculus/OculusVR/Content/Textures/touchController_albedo.uasset" 159
"../../Plugins/Runtime/Oculus/OculusVR/Content/Textures/touchController_controlmap.uasset" 160
"../../Plugins/Runtime/Oculus/OculusVR/Content/Materials/touchController_mat.uasset" 161
"../../Plugins/Runtime/Oculus/OculusVR/Content/Meshes/LeftTouchController.uasset" 162
"../../Plugins/Runtime/Oculus/OculusVR/Content/Meshes/RiftHMD.uasset" 163
"../../Plugins/Runtime/Oculus/OculusVR/Content/Meshes/RightTouchController.uasset" 164
"../../../Engine/Content/EditorBlueprintResources/StandardMacros.uasset" 165
"../../../Engine/Content/EngineSky/C_Sky_Cloud_Color.uasset" 166
"../../../Engine/Content/EngineSky/C_Sky_Horizon_Color.uasset" 167
"../../../Engine/Content/EngineSky/C_Sky_Zenith_Color.uasset" 168
"../../../Engine/Content/EngineSky/T_Sky_Blue.uasset" 169
"../../../Engine/Content/EngineSky/T_Sky_Clouds_M.uasset" 170
"../../../Engine/Content/EngineSky/T_Sky_Stars.uasset" 171
"../../../Engine/Content/EngineSky/M_Sky_Panning_Clouds2.uasset" 172
"../../../Engine/Content/EngineSky/SM_SkySphere.uasset" 173
"../../../Engine/Content/EngineSky/BP_Sky_Sphere.uasset" 174
"../../../../../../Users/User/Documents/Exodia_File/LostKnight/Content/LOSTKNIGHT/Level/Level_Boss_BuiltData.uasset" 175
"../../../Engine/Content/MapTemplates/SM_Template_Map_Floor.uasset" 176
"../../../../../../Users/User/Documents/Exodia_File/LostKnight/Content/LOSTKNIGHT/Level/Level_Boss.umap" 177
"../../../../../../Users/User/Documents/Exodia_File/LostKnight/Content/LOSTKNIGHT/Assets/Character/Boss/Mesh/warrok_w_kurniawan_Skeleton.uasset" 178
"../../../../../../Users/User/Documents/Exodia_File/LostKnight/Content/LOSTKNIGHT/Assets/Character/Boss/Animation/Boss_Death.uasset" 179
"../../../../../../Users/User/Documents/Exodia_File/LostKnight/Content/LOSTKNIGHT/Assets/Character/Boss/Animation/Boss_OnHit.uasset" 180
"../../../../../../Users/User/Documents/Exodia_File/LostKnight/Content/LOSTKNIGHT/Assets/Character/Boss/Animation/Boss_Uppercut.uasset" 181
"../../../../../../Users/User/Documents/Exodia_File/LostKnight/Content/LOSTKNIGHT/Assets/Character/Boss/Animation/Boss_Idle.uasset" 182
"../../../../../../Users/User/Documents/Exodia_File/LostKnight/Content/LOSTKNIGHT/Assets/Character/Boss/Animation/Boss_Run.uasset" 183
"../../../../../../Users/User/Documents/Exodia_File/LostKnight/Content/LOSTKNIGHT/Assets/Character/Boss/Animation/Boss_Walk.uasset" 184
"../../../../../../Users/User/Documents/Exodia_File/LostKnight/Content/LOSTKNIGHT/Blueprint/Ai/Boss/BS_Boss.uasset" 185
"../../../../../../Users/User/Documents/Exodia_File/LostKnight/Content/LOSTKNIGHT/Blueprint/Ai/Boss/AnimBP_Boss.uasset" 186
"../../../../../../Users/User/Documents/Exodia_File/LostKnight/Content/LOSTKNIGHT/Assets/Character/Knight/Mesh/paladin_j_nordstrom_Skeleton.uasset" 187
"../../../../../../Users/User/Documents/Exodia_File/LostKnight/Content/LOSTKNIGHT/Assets/Character/Knight/Animation/Great_Sword_Jump_Attack.uasset" 188
"../../../../../../Users/User/Documents/Exodia_File/LostKnight/Content/LOSTKNIGHT/Assets/Character/Knight/Animation/Great_Sword_Slash.uasset" 189
"../../../../../../Users/User/Documents/Exodia_File/LostKnight/Content/LOSTKNIGHT/Assets/Character/Knight/Animation/One_Hand_Sword_Combo.uasset" 190
"../../../../../../Users/User/Documents/Exodia_File/LostKnight/Content/LOSTKNIGHT/Assets/Character/Knight/Animation/Sprinting_Forward_Roll.uasset" 191
"../../../../../../Users/User/Documents/Exodia_File/LostKnight/Content/LOSTKNIGHT/Assets/Character/Knight/Animation/Idle.uasset" 192
"../../../../../../Users/User/Documents/Exodia_File/LostKnight/Content/LOSTKNIGHT/Assets/Character/Knight/Animation/Sword_And_Shield_Run.uasset" 193
"../../../../../../Users/User/Documents/Exodia_File/LostKnight/Content/LOSTKNIGHT/Assets/Character/Knight/Animation/Unarmed_Walk_Forward.uasset" 194
"../../../../../../Users/User/Documents/Exodia_File/LostKnight/Content/LOSTKNIGHT/Blueprint/Character/BS_Knight.uasset" 195
"../../../../../../Users/User/Documents/Exodia_File/LostKnight/Content/LOSTKNIGHT/Blueprint/Character/AnimBP_Knight.uasset" 196
"../../../Engine/Content/BasicShapes/BasicShapeMaterial.uasset" 197
"../../../Engine/Content/BasicShapes/Cube.uasset" 198
"../../../../../../Users/User/Documents/Exodia_File/LostKnight/Content/LOSTKNIGHT/Assets/Character/Knight/Texture/Paladin_diffuse.uasset" 199
"../../../../../../Users/User/Documents/Exodia_File/LostKnight/Content/LOSTKNIGHT/Assets/Character/Knight/Texture/Paladin_normal.uasset" 200
"../../../../../../Users/User/Documents/Exodia_File/LostKnight/Content/LOSTKNIGHT/Assets/Character/Knight/Texture/Paladin_specular.uasset" 201
"../../../../../../Users/User/Documents/Exodia_File/LostKnight/Content/LOSTKNIGHT/Assets/Character/Knight/Material/Paladin_MAT.uasset" 202
"../../../../../../Users/User/Documents/Exodia_File/LostKnight/Content/LOSTKNIGHT/Assets/Character/Knight/Mesh/paladin_j_nordstrom_PhysicsAsset.uasset" 203
"../../../../../../Users/User/Documents/Exodia_File/LostKnight/Content/LOSTKNIGHT/Assets/Character/Knight/Mesh/paladin_j_nordstrom.uasset" 204
"../../../../../../Users/User/Documents/Exodia_File/LostKnight/Content/LOSTKNIGHT/Blueprint/Character/BP_Knight.uasset" 205
"../../../../../../Users/User/Documents/Exodia_File/LostKnight/Content/LOSTKNIGHT/Blueprint/Ai/Boss/BB_Boss.uasset" 206
"../../../../../../Users/User/Documents/Exodia_File/LostKnight/Content/LOSTKNIGHT/Blueprint/Ai/Boss/AiTask/AttackUppercut.uasset" 207
"../../../../../../Users/User/Documents/Exodia_File/LostKnight/Content/LOSTKNIGHT/Blueprint/Ai/Boss/AiTask/ClearFocus.uasset" 208
"../../../../../../Users/User/Documents/Exodia_File/LostKnight/Content/LOSTKNIGHT/Blueprint/Ai/Boss/AiTask/GetPlayerLocation.uasset" 209
"../../../../../../Users/User/Documents/Exodia_File/LostKnight/Content/LOSTKNIGHT/Blueprint/Ai/Boss/AiTask/GetRandomLocation.uasset" 210
"../../../../../../Users/User/Documents/Exodia_File/LostKnight/Content/LOSTKNIGHT/Blueprint/Ai/Boss/AiTask/MoveToFast.uasset" 211
"../../../../../../Users/User/Documents/Exodia_File/LostKnight/Content/LOSTKNIGHT/Blueprint/Ai/Boss/AiTask/SetPlayerFocus.uasset" 212
"../../../../../../Users/User/Documents/Exodia_File/LostKnight/Content/LOSTKNIGHT/Blueprint/Ai/Boss/BT_Boss.uasset" 213
"../../../../../../Users/User/Documents/Exodia_File/LostKnight/Content/LOSTKNIGHT/Blueprint/Ai/Boss/AI_BossController.uasset" 214
"../../../Engine/Content/BasicShapes/Sphere.uasset" 215
"../../../../../../Users/User/Documents/Exodia_File/LostKnight/Content/LOSTKNIGHT/Assets/Character/Boss/Texture/bear_alpha.uasset" 216
"../../../../../../Users/User/Documents/Exodia_File/LostKnight/Content/LOSTKNIGHT/Assets/Character/Boss/Texture/bear_diffuse.uasset" 217
"../../../../../../Users/User/Documents/Exodia_File/LostKnight/Content/LOSTKNIGHT/Assets/Character/Boss/Texture/bear_normal.uasset" 218
"../../../../../../Users/User/Documents/Exodia_File/LostKnight/Content/LOSTKNIGHT/Assets/Character/Boss/Texture/bear_specular.uasset" 219
"../../../../../../Users/User/Documents/Exodia_File/LostKnight/Content/LOSTKNIGHT/Assets/Character/Boss/Material/warrok_MAT.uasset" 220
"../../../../../../Users/User/Documents/Exodia_File/LostKnight/Content/LOSTKNIGHT/Assets/Character/Boss/Mesh/warrok_w_kurniawan_PhysicsAsset.uasset" 221
"../../../../../../Users/User/Documents/Exodia_File/LostKnight/Content/LOSTKNIGHT/Assets/Character/Boss/Mesh/warrok_w_kurniawan.uasset" 222
"../../../../../../Users/User/Documents/Exodia_File/LostKnight/Content/LOSTKNIGHT/Blueprint/Ai/Boss/CH_Boss.uasset" 223
"../../../../../../Users/User/Documents/Exodia_File/LostKnight/Content/LOSTKNIGHT/Blueprint/Actor/AA_EnemyTest.uasset" 224
"../../../../../../Users/User/Documents/Exodia_File/LostKnight/Content/LOSTKNIGHT/Blueprint/Core/GM_Knight.uasset" 225
"../../../../../../Users/User/Documents/Exodia_File/LostKnight/Content/LOSTKNIGHT/Level/Level_Knight_BuiltData.uasset" 226
"../../../../../../Users/User/Documents/Exodia_File/LostKnight/Content/LOSTKNIGHT/Level/Level_Knight.umap" 227
"../../../../../../Users/User/Documents/Exodia_File/LostKnight/Content/LOSTKNIGHT/Level/Level_Test_BuiltData.uasset" 228
"../../../../../../Users/User/Documents/Exodia_File/LostKnight/Content/LOSTKNIGHT/Level/Level_Test.umap" 229
"../../../Engine/Content/Maps/Entry_BuiltData.uasset" 230
"../../../Engine/Content/Maps/Entry.umap" 231
